{"error":{},"level":"error","message":"Falha ao obter o post com o slug: ","slug":"webpack-um-guia-para-iniciant"}
{"error":{"clientVersion":"5.16.1","name":"PrismaClientInitializationError"},"level":"error","message":"Falha ao obter o post com o slug: ","slug":"webpack-um-guia-para-iniciantes"}
{"error":{"clientVersion":"5.16.1","name":"PrismaClientInitializationError"},"level":"error","message":"Error fetching posts"}
{"error":{"clientVersion":"5.16.1","name":"PrismaClientInitializationError"},"level":"error","message":"Error fetching posts"}
{"error":{"clientVersion":"5.16.1","name":"PrismaClientInitializationError"},"level":"error","message":"Error fetching posts"}
{"error":{"clientVersion":"5.16.1","name":"PrismaClientInitializationError"},"level":"error","message":"Error fetching posts"}
{"error":{"clientVersion":"5.16.1","name":"PrismaClientInitializationError"},"level":"error","message":"Error fetching posts"}
{"error":{"clientVersion":"5.16.1","name":"PrismaClientInitializationError"},"level":"error","message":"Error fetching posts"}
{"error":{"clientVersion":"5.16.1","name":"PrismaClientInitializationError"},"level":"error","message":"Error fetching posts"}
{"error":{"clientVersion":"5.16.1","name":"PrismaClientInitializationError"},"level":"error","message":"Error fetching posts"}
{"error":{"clientVersion":"5.16.1","name":"PrismaClientInitializationError"},"level":"error","message":"Error fetching posts"}
{"error":{"clientVersion":"5.16.1","name":"PrismaClientInitializationError"},"level":"error","message":"Error fetching posts"}
{"error":{"clientVersion":"5.16.1","name":"PrismaClientInitializationError"},"level":"error","message":"Error fetching posts"}
{"error":{"clientVersion":"5.16.1","name":"PrismaClientInitializationError"},"level":"error","message":"Error fetching posts"}
{"error":{"clientVersion":"5.16.1","name":"PrismaClientInitializationError"},"level":"error","message":"Error fetching posts"}
{"error":{"clientVersion":"5.16.1","name":"PrismaClientInitializationError"},"level":"error","message":"Error fetching posts"}
{"error":{"clientVersion":"5.16.1","name":"PrismaClientInitializationError"},"level":"error","message":"Error fetching posts"}
{"error":{"clientVersion":"5.16.1","name":"PrismaClientInitializationError"},"level":"error","message":"Error fetching posts"}
{"error":{"clientVersion":"5.16.1","name":"PrismaClientInitializationError"},"level":"error","message":"Error fetching posts"}
{"error":{},"level":"error","message":"Error fetching posts"}
{"error":{"clientVersion":"5.16.1","name":"PrismaClientValidationError"},"level":"error","message":"Error fetching posts"}
{"error":{"clientVersion":"5.16.1","name":"PrismaClientValidationError"},"level":"error","message":"Error fetching posts"}
{"error":{"clientVersion":"5.16.1","name":"PrismaClientInitializationError"},"level":"error","message":"Falha ao obter o post com o slug: ","slug":"sass-simplificando-o-css"}
{"error":{"clientVersion":"5.16.1","name":"PrismaClientInitializationError"},"level":"error","message":"Falha ao obter o post com o slug: ","slug":"sass-simplificando-o-css"}
{"error":{"clientVersion":"5.16.1","name":"PrismaClientInitializationError"},"level":"error","message":"Error fetching posts"}
{"error":{"clientVersion":"5.16.1","name":"PrismaClientInitializationError"},"level":"error","message":"Error fetching posts"}
{"error":{"clientVersion":"5.16.1","name":"PrismaClientInitializationError"},"level":"error","message":"Error fetching posts"}
{"error":{"clientVersion":"5.16.1","name":"PrismaClientInitializationError"},"level":"error","message":"Error fetching posts"}
{"error":{"clientVersion":"5.16.1","name":"PrismaClientInitializationError"},"level":"error","message":"Error fetching posts"}
{"error":{"clientVersion":"5.16.1","name":"PrismaClientInitializationError"},"level":"error","message":"Error fetching posts"}
{"error":{"clientVersion":"5.16.1","name":"PrismaClientInitializationError"},"level":"error","message":"Error fetching posts"}
{"error":{"clientVersion":"5.16.1","name":"PrismaClientInitializationError"},"level":"error","message":"Error fetching posts"}
{"error":{"clientVersion":"5.16.1","name":"PrismaClientInitializationError"},"level":"error","message":"Error fetching posts"}
{"error":{"clientVersion":"5.16.1","name":"PrismaClientInitializationError"},"level":"error","message":"Error fetching posts"}
{"error":{"clientVersion":"5.16.1","name":"PrismaClientInitializationError"},"level":"error","message":"Error fetching posts"}
{"error":{"clientVersion":"5.16.1","name":"PrismaClientInitializationError"},"level":"error","message":"Error fetching posts"}
{"error":{"clientVersion":"5.16.1","name":"PrismaClientInitializationError"},"level":"error","message":"Error fetching posts"}
{"error":{"clientVersion":"5.16.1","name":"PrismaClientInitializationError"},"level":"error","message":"Error fetching posts"}
{"error":{"clientVersion":"5.16.1","name":"PrismaClientInitializationError"},"level":"error","message":"Error fetching posts"}
{"error":{"clientVersion":"5.16.1","name":"PrismaClientInitializationError"},"level":"error","message":"Error fetching posts"}
{"error":{"clientVersion":"5.16.1","name":"PrismaClientInitializationError"},"level":"error","message":"Error fetching posts"}
{"error":{"clientVersion":"5.16.1","name":"PrismaClientInitializationError"},"level":"error","message":"Error fetching posts"}
{"error":{"clientVersion":"5.16.1","name":"PrismaClientInitializationError"},"level":"error","message":"Error fetching posts"}
{"error":{"clientVersion":"5.16.1","name":"PrismaClientInitializationError"},"level":"error","message":"Error fetching posts"}
{"error":{"clientVersion":"5.16.1","name":"PrismaClientInitializationError"},"level":"error","message":"Error fetching posts"}
{"error":{"clientVersion":"5.16.1","name":"PrismaClientInitializationError"},"level":"error","message":"Error fetching posts"}
{"error":{"clientVersion":"5.16.1","name":"PrismaClientInitializationError"},"level":"error","message":"Error fetching posts"}
{"error":{"clientVersion":"5.16.1","name":"PrismaClientInitializationError"},"level":"error","message":"Error fetching posts"}
{"error":{"clientVersion":"5.16.1","name":"PrismaClientInitializationError"},"level":"error","message":"Error fetching posts"}
{"error":{"clientVersion":"5.16.1","name":"PrismaClientInitializationError"},"level":"error","message":"Error fetching posts"}
{"error":{"clientVersion":"5.16.1","name":"PrismaClientInitializationError"},"level":"error","message":"Error fetching posts"}
{"error":{"clientVersion":"5.16.1","name":"PrismaClientInitializationError"},"level":"error","message":"Error fetching posts"}
{"error":{"clientVersion":"5.16.1","name":"PrismaClientInitializationError"},"level":"error","message":"Error fetching posts"}
{"error":{"clientVersion":"5.16.1","name":"PrismaClientInitializationError"},"level":"error","message":"Error fetching posts"}
{"error":{"clientVersion":"5.16.1","name":"PrismaClientInitializationError"},"level":"error","message":"Error fetching posts"}
{"error":{"clientVersion":"5.16.1","name":"PrismaClientInitializationError"},"level":"error","message":"Error fetching posts"}
{"error":{"clientVersion":"5.16.1","name":"PrismaClientInitializationError"},"level":"error","message":"Error fetching posts"}
{"error":{"clientVersion":"5.16.1","name":"PrismaClientInitializationError"},"level":"error","message":"Error fetching posts"}
{"error":{"clientVersion":"5.16.1","name":"PrismaClientInitializationError"},"level":"error","message":"Error fetching posts"}
{"error":{},"level":"error","message":"Error fetching posts"}
{"error":{},"level":"error","message":"Error fetching posts"}
{"error":{},"level":"error","message":"Error fetching posts"}
{"error":{},"level":"error","message":"Error fetching posts"}
{"error":{"clientVersion":"5.16.1","name":"PrismaClientInitializationError"},"level":"error","message":"Error fetching posts"}
{"error":{},"level":"error","message":"Falha ao obter o post com o slug: ","slug":"construindo-spa-com-vuejs"}
